<?xml version="1.0" encoding="UTF-8"?>
<!-- Generated by org.testng.reporters.JUnitReportReporter -->
<testsuite hostname="LTIN511297" failures="0" tests="1" name="testCases.TC_004_Cousera" time="0.075" errors="0" timestamp="2024-11-02T10:03:23 IST" skipped="0">
  <testcase classname="testCases.TC_004_Cousera" name="openCousera" time="0.075"/>
  <system-out/>
</testsuite> <!-- testCases.TC_004_Cousera -->
