<?xml version="1.0" encoding="UTF-8"?>
<!-- Generated by org.testng.reporters.JUnitReportReporter -->
<testsuite hostname="LTIN511297" failures="0" tests="1" name="testCases.TC_003_FormFilling" time="9.723" errors="0" timestamp="2024-11-03T11:32:47 IST" skipped="0">
  <testcase classname="testCases.TC_003_FormFilling" name="formFilling" time="9.723"/>
</testsuite> <!-- testCases.TC_003_FormFilling -->
